<?xml version="1.0" encoding="UTF-8"?>
<!-- Generated by org.testng.reporters.JUnitReportReporter -->
<testsuite hostname="Florian-Windows" failures="0" tests="1" name="Runners.TestRunner" time="30.512" errors="0" timestamp="2023-10-16T11:04:28 MESZ" skipped="0">
  <testcase classname="Runners.TestRunner" name="runScenario" time="30.512"/>
</testsuite> <!-- Runners.TestRunner -->
